Remember that you can report errors and get help in https://github.com/NicoSantangelo/sublime-gulp

06-13-2016 10:06:
C:\Users\jacub\AppData\Roaming\Sublime Text 3\Packages\Gulp\write_tasks_to_cache.js:31
        throw ex;
        ^

Error: Cannot find module 'gulp'
    at Function.Module._resolveFilename (module.js:336:15)
    at Function.Module._load (module.js:286:25)
    at Module.require (module.js:365:17)
    at require (module.js:384:17)
    at Object.<anonymous> (C:\www\indeon\translatedbyus\public\.sublime-gulp-tmp.js:4:19)
    at Module._compile (module.js:434:26)
    at Object.Module._extensions..js (module.js:452:10)
    at Module.load (module.js:355:32)
    at Function.Module._load (module.js:310:12)
    at Module.require (module.js:365:17)


06-13-2016 10:06:
C:\Users\jacub\AppData\Roaming\Sublime Text 3\Packages\Gulp\write_tasks_to_cache.js:31
        throw ex;
        ^

Error: Cannot find module 'gulp'
    at Function.Module._resolveFilename (module.js:336:15)
    at Function.Module._load (module.js:286:25)
    at Module.require (module.js:365:17)
    at require (module.js:384:17)
    at Object.<anonymous> (C:\www\indeon\translatedbyus\public\.sublime-gulp-tmp.js:4:19)
    at Module._compile (module.js:434:26)
    at Object.Module._extensions..js (module.js:452:10)
    at Module.load (module.js:355:32)
    at Function.Module._load (module.js:310:12)
    at Module.require (module.js:365:17)
